[00:15:31] [main/INFO]: Loading Minecraft 1.21.5 with Fabric Loader 0.16.12
[00:15:32] [main/INFO]: Dependencies overridden for minecraft, optigui, fabricloader, reeses-sodium-options
[00:15:32] [main/WARN]: Warnings were found!
 - 'Minecraft' (minecraft) 1.21.5 recommends any version after 6.6.0-alpha.3 of Fabulously Optimized, which is missing!
	 - You should install any version after 6.6.0-alpha.3 of Fabulously Optimized for the optimal experience.
[00:15:32] [main/INFO]: Loading 125 mods:
	- bettermounthud 1.2.5
	- capes 1.5.5+1.21.5
	- carpet 1.4.169+v250325
	- cicada 0.13.0+1.21.5-and-above
	   \-- org_yaml_snakeyaml 2.2
	- cloth-config 18.0.145
	   \-- cloth-basic-math 0.6.1
	- collective 8.1
	- do_a_barrel_roll 3.8.1
	   \-- fabric-permissions-api-v0 0.2-SNAPSHOT
	- dynamic_fps 3.9.2
	   \-- net_lostluma_battery 1.3.0
	- e4mc_minecraft 5.3.1
	   \-- folk_sisby_kaleido-config 0.3.1+1.3.1
	- entity_model_features 2.4.2
	- entity_texture_features 6.2.11
	   \-- org_apache_httpcomponents_httpmime 4.5.10
	- entityculling 1.7.4
	- fabric-api 0.119.5+1.21.5
	   |-- fabric-api-base 0.4.62+73a52b4b07
	   |-- fabric-api-lookup-api-v1 1.6.95+86c3a9f107
	   |-- fabric-biome-api-v1 16.0.7+2dd063df07
	   |-- fabric-block-api-v1 1.0.37+86c3a9f107
	   |-- fabric-block-view-api-v2 1.0.26+aa6d566c07
	   |-- fabric-blockrenderlayer-v1 2.0.16+86c3a9f107
	   |-- fabric-client-tags-api-v1 1.1.37+86c3a9f107
	   |-- fabric-command-api-v1 1.2.70+f71b366f07
	   |-- fabric-command-api-v2 2.2.49+73a52b4b07
	   |-- fabric-commands-v0 0.2.87+df3654b307
	   |-- fabric-content-registries-v0 10.0.11+216530c807
	   |-- fabric-convention-tags-v1 2.1.27+7f945d5b07
	   |-- fabric-convention-tags-v2 2.14.1+277f99c707
	   |-- fabric-crash-report-info-v1 0.3.12+86c3a9f107
	   |-- fabric-data-attachment-api-v1 1.6.6+7b20cbb007
	   |-- fabric-data-generation-api-v1 22.3.1+d94614b807
	   |-- fabric-dimensions-v1 4.0.16+86c3a9f107
	   |-- fabric-entity-events-v1 2.0.25+27c1078f07
	   |-- fabric-events-interaction-v0 4.0.13+73a52b4b07
	   |-- fabric-game-rule-api-v1 1.0.70+c327076a07
	   |-- fabric-item-api-v1 11.3.1+eeb42f0207
	   |-- fabric-item-group-api-v1 4.2.8+3459fc6107
	   |-- fabric-key-binding-api-v1 1.0.63+ecf51cdc07
	   |-- fabric-keybindings-v0 0.2.61+df3654b307
	   |-- fabric-lifecycle-events-v1 2.5.13+5cbce67307
	   |-- fabric-loot-api-v2 3.0.47+3f89f5a507
	   |-- fabric-loot-api-v3 1.0.35+86c3a9f107
	   |-- fabric-message-api-v1 6.0.33+86c3a9f107
	   |-- fabric-model-loading-api-v1 5.0.2+55bce67a07
	   |-- fabric-networking-api-v1 4.4.0+f3ffa98907
	   |-- fabric-object-builder-api-v1 21.0.0+7b20cbb007
	   |-- fabric-particles-v1 4.0.22+86c3a9f107
	   |-- fabric-recipe-api-v1 8.1.6+052a85d007
	   |-- fabric-registry-sync-v0 6.1.20+b556383207
	   |-- fabric-renderer-api-v1 6.0.0+55bce67a07
	   |-- fabric-renderer-indigo 3.0.0+55bce67a07
	   |-- fabric-rendering-data-attachment-v1 0.3.64+73761d2e07
	   |-- fabric-rendering-fluids-v1 3.1.27+86c3a9f107
	   |-- fabric-rendering-v1 11.1.11+081cc04307
	   |-- fabric-resource-conditions-api-v1 5.0.21+73a52b4b07
	   |-- fabric-resource-loader-v0 3.1.6+02ca679607
	   |-- fabric-screen-api-v1 2.0.46+86c3a9f107
	   |-- fabric-screen-handler-api-v1 1.3.127+c327076a07
	   |-- fabric-sound-api-v1 1.0.38+86c3a9f107
	   |-- fabric-tag-api-v1 1.0.16+ecf51cdc07
	   |-- fabric-transfer-api-v1 5.4.23+7b20cbb007
	   \-- fabric-transitive-access-wideners-v1 6.3.17+f17a180c07
	- fabric-language-kotlin 1.13.2+kotlin.2.1.20
	   |-- org_jetbrains_kotlin_kotlin-reflect 2.1.20
	   |-- org_jetbrains_kotlin_kotlin-stdlib 2.1.20
	   |-- org_jetbrains_kotlin_kotlin-stdlib-jdk7 2.1.20
	   |-- org_jetbrains_kotlin_kotlin-stdlib-jdk8 2.1.20
	   |-- org_jetbrains_kotlinx_atomicfu-jvm 0.27.0
	   |-- org_jetbrains_kotlinx_kotlinx-coroutines-core-jvm 1.10.1
	   |-- org_jetbrains_kotlinx_kotlinx-coroutines-jdk8 1.10.1
	   |-- org_jetbrains_kotlinx_kotlinx-datetime-jvm 0.6.2
	   |-- org_jetbrains_kotlinx_kotlinx-io-bytestring-jvm 0.7.0
	   |-- org_jetbrains_kotlinx_kotlinx-io-core-jvm 0.7.0
	   |-- org_jetbrains_kotlinx_kotlinx-serialization-cbor-jvm 1.8.0
	   |-- org_jetbrains_kotlinx_kotlinx-serialization-core-jvm 1.8.0
	   \-- org_jetbrains_kotlinx_kotlinx-serialization-json-jvm 1.8.0
	- fabricloader 0.16.12
	   \-- mixinextras 0.4.1
	- freecam 1.3.3+mc1.21.5
	- fullbrightnesstoggle 4.3
	- immediatelyfast 1.9.0+1.21.5
	   \-- net_lenni0451_reflect 1.3.4
	- iris 1.8.10+mc1.21.5
	   |-- io_github_douira_glsl-transformer 2.0.1
	   |-- org_anarres_jcpp 1.4.14
	   \-- org_antlr_antlr4-runtime 4.13.1
	- isxander-main-menu-credits 1.2.0
	- java 21
	- journeymap 1.21.5-6.0.0-beta.44
	   |-- ar_com_hjg_pngj 2.1.0
	   |-- commonnetworking 1.0.18-1.21.5
	   \-- journeymap-api-fabric 2.0.0-1.21.5-SNAPSHOT
	- lambdynlights 4.2.3+1.21.5
	   |-- lambdynlights_api 4.2.3+1.21.5
	   |-- pride 1.3.0+1.21.5
	   \-- spruceui 7.0.0+1.21.5
	- languagereload 1.7.3+1.21.5
	- lithium 0.16.0+mc1.21.5
	- minecraft 1.21.5
	- mixintrace 1.1.1+1.17
	- modmenu 14.0.0-rc.2
	   \-- placeholder-api 2.6.0+1.21.5
	- morechathistory 1.3.1
	- moreculling 1.3.0
	   |-- conditional-mixin 0.6.3
	   \-- mixinsquared 0.2.0
	- shulkerboxtooltip 5.2.5+1.21.5
	- sodium 0.6.12+mc1.21.5
	- superflatworldnoslimes 3.5
	- supermartijn642configlib 1.1.8
	- xaerominimap 25.2.5
	- xaeroworldmap 1.39.8
	- yet_another_config_lib_v3 3.6.6+1.21.5-fabric
	   |-- com_twelvemonkeys_common_common-image 3.12.0
	   |-- com_twelvemonkeys_common_common-io 3.12.0
	   |-- com_twelvemonkeys_common_common-lang 3.12.0
	   |-- com_twelvemonkeys_imageio_imageio-core 3.12.0
	   |-- com_twelvemonkeys_imageio_imageio-metadata 3.12.0
	   |-- com_twelvemonkeys_imageio_imageio-webp 3.12.0
	   |-- org_quiltmc_parsers_gson 0.2.1
	   \-- org_quiltmc_parsers_json 0.2.1
[00:15:32] [main/INFO]: SpongePowered MIXIN Subsystem Version=0.8.7 Source=file:/Users/braydenwatt/Library/Application%20Support/com.modrinth.theseus/meta/libraries/net/fabricmc/sponge-mixin/0.15.4+mixin.0.8.7/sponge-mixin-0.15.4+mixin.0.8.7.jar Service=Knot/Fabric Env=CLIENT
[00:15:32] [main/INFO]: Compatibility level set to JAVA_21
[00:15:32] [main/WARN]: Reference map 'do_a_barrel_roll.refmap.json' for do_a_barrel_roll.mixins.json could not be read. If this is a development environment you can ignore this message
[00:15:32] [main/WARN]: Reference map 'do_a_barrel_roll.refmap.json' for do_a_barrel_roll.compat.modmenu.mixins.json could not be read. If this is a development environment you can ignore this message
[00:15:32] [main/WARN]: Reference map 'iris.refmap.json' for mixins.iris.json could not be read. If this is a development environment you can ignore this message
[00:15:32] [main/WARN]: Reference map 'iris-fabric.refmap.json' for mixins.iris.fabric.json could not be read. If this is a development environment you can ignore this message
[00:15:32] [main/WARN]: Reference map 'iris.refmap.json' for iris-batched-entity-rendering.mixins.json could not be read. If this is a development environment you can ignore this message
[00:15:32] [main/WARN]: Reference map 'iris.refmap.json' for mixins.iris.fantastic.json could not be read. If this is a development environment you can ignore this message
[00:15:32] [main/WARN]: Reference map 'iris.refmap.json' for mixins.iris.vertexformat.json could not be read. If this is a development environment you can ignore this message
[00:15:32] [main/WARN]: Reference map 'iris.refmap.json' for mixins.iris.bettermipmaps.json could not be read. If this is a development environment you can ignore this message
[00:15:32] [main/WARN]: Reference map 'iris.refmap.json' for mixins.iris.compat.sodium.json could not be read. If this is a development environment you can ignore this message
[00:15:32] [main/WARN]: Reference map 'iris.refmap.json' for mixins.iris.fixes.maxfpscrash.json could not be read. If this is a development environment you can ignore this message
[00:15:32] [main/WARN]: Reference map 'journeymap-refmap.json' for journeymap.mixins.json could not be read. If this is a development environment you can ignore this message
[00:15:32] [main/WARN]: Reference map 'journeymap-refmap.json' for journeymap.fabric.mixins.json could not be read. If this is a development environment you can ignore this message
[00:15:32] [main/INFO]: Loaded configuration file for Lithium: 147 options available, 0 override(s) found
[00:15:32] [main/INFO]: Loaded configuration file for Sodium: 43 options available, 1 override(s) found
[00:15:32] [main/WARN]: Reference map 'supermartijn642configlib.mixins.refmap.json' for supermartijn642configlib.mixins.json could not be read. If this is a development environment you can ignore this message
[00:15:32] [main/WARN]: Error loading class: dev/tr7zw/skinlayers/render/CustomizableModelPart (java.lang.ClassNotFoundException: dev/tr7zw/skinlayers/render/CustomizableModelPart)
[00:15:32] [main/WARN]: Error loading class: me/jellysquid/mods/sodium/client/render/immediate/model/EntityRenderer (java.lang.ClassNotFoundException: me/jellysquid/mods/sodium/client/render/immediate/model/EntityRenderer)
[00:15:33] [main/WARN]: Force-disabling mixin 'features.render.world.sky.FogRendererMixin' as rule 'mixin.features.render.world.sky' (added by mods [iris]) disables it and children
[00:15:33] [main/WARN]: Force-disabling mixin 'features.render.world.sky.ClientLevelMixin' as rule 'mixin.features.render.world.sky' (added by mods [iris]) disables it and children
[00:15:33] [main/WARN]: Force-disabling mixin 'features.render.world.sky.LevelRendererMixin' as rule 'mixin.features.render.world.sky' (added by mods [iris]) disables it and children
[00:15:33] [main/WARN]: Error loading class: org/jetbrains/annotations/ApiStatus$Internal (java.lang.ClassNotFoundException: org/jetbrains/annotations/ApiStatus$Internal)
[00:15:33] [main/INFO]: Searching for graphics cards...
[00:15:33] [main/INFO]: Initializing MixinExtras via com.llamalad7.mixinextras.service.MixinExtrasServiceImpl(version=0.4.1).
[00:15:34] [Datafixer Bootstrap/INFO]: 263 Datafixer optimizations took 744 milliseconds
[00:15:39] [main/INFO]: Completely ignored arguments: [-DFabricMcEmu=, net.minecraft.client.main.Main]
[00:15:39] [Render thread/INFO]: Environment: Environment[sessionHost=https://sessionserver.mojang.com, servicesHost=https://api.minecraftservices.com, name=PROD]
[00:15:40] [Render thread/INFO]: Setting user: Arco23
[00:15:40] [Render thread/INFO]: Loading Collective version 8.1.
[00:15:40] [Render thread/INFO]: Initializing ServerSide Packet Registries
[00:15:40] [Render thread/INFO]: [ShulkerBoxTooltip] Could not find configuration file, creating default file
[00:15:40] [Cicada thread 0/INFO]: [cicada] Meow
[00:15:40] [Cicada thread 0/INFO]: [do_a_barrel_roll] Mrrp!
[00:15:40] [Render thread/INFO]: Trying to read config file...
[00:15:40] [Render thread/INFO]: A config file was found, loading it..
[00:15:40] [Render thread/INFO]: Successfully loaded config file.
[00:15:40] [Render thread/INFO]: Dynamic FPS 3.9.2 active on Fabric!
[00:15:40] [Render thread/INFO]: Loading Entity Model Features, now compatible with Minecraft Legends!
[00:15:40] [Render thread/INFO]: [ETF]: 6 new ETF Random Properties registered by entity_model_features.
[00:15:40] [Render thread/INFO]: Loading Entity Texture Features, you just lost the game.
[00:15:40] [Render thread/INFO]: [Indigo] Different rendering plugin detected; not applying Indigo.
[00:15:40] [Render thread/INFO]: Loaded null for service interface journeymap.api.services.WebMapService
[00:15:40] [Render thread/INFO]: Loaded journeymap.common.helpers.FabricClientHooks@7451639d for service interface journeymap.api.services.ClientPlatformService
[00:15:40] [Render thread/INFO]: Loaded journeymap.common.helpers.FabricHooks@546f5fbd for service interface journeymap.api.services.CommonPlatformService
[00:15:40] [Render thread/INFO]: [LambDynLights] Initializing LambDynamicLights...
[00:15:40] [Render thread/INFO]: [LambDynLights] Configuration loaded.
[00:15:41] [Render thread/INFO]: Loading Xaero's Minimap - Stage 1/2
[00:15:41] [Render thread/INFO]: Loading Xaero's World Map - Stage 1/2
[00:15:44] [Render thread/INFO]: Deserializing YACLConfig from '/Users/braydenwatt/Library/Application Support/com.modrinth.theseus/profiles/Fabulously Optimized (6)/config/yacl.json5'
[00:15:44] [Render thread/INFO]: Backend library: LWJGL version 3.3.3-snapshot
[00:15:45] [Render thread/INFO]: Initializing ImmediatelyFast 1.9.0+1.21.5 on Apple M2 (Apple) with OpenGL 4.1 Metal - 89.3
[00:15:45] [Render thread/INFO]: Found Iris/Oculus 1.8.10+mc1.21.5. Enabling compatibility.
[00:15:45] [Render thread/INFO]: Debug functionality is disabled.
[00:15:45] [Render thread/INFO]: DSA support not detected.
[00:15:45] [Render thread/INFO]: Shaders are disabled because enableShaders is set to false in iris.properties
[00:15:45] [Render thread/INFO]: OpenGL Vendor: Apple
[00:15:45] [Render thread/INFO]: OpenGL Renderer: Apple M2
[00:15:45] [Render thread/INFO]: OpenGL Version: 4.1 Metal - 89.3
[00:15:45] [Render thread/INFO]: Using optional rendering extensions: 
[00:15:46] [Render thread/INFO]: Hardware information:
[00:15:46] [Render thread/INFO]: CPU: 8x Apple M2
[00:15:46] [Render thread/INFO]: GPU: Apple M2 (Supports OpenGL 4.1 Metal - 89.3)
[00:15:46] [Render thread/INFO]: OS: Mac OS X (15.3.2)
[00:15:47] [Render thread/INFO]: Reloading ResourceManager: vanilla, fabric, bettermounthud, capes, carpet, cicada, cloth-config, conditional-mixin, do_a_barrel_roll, dynamic_fps, e4mc_minecraft, entity_model_features, entity_texture_features, entityculling, fabric-api, fabric-api-base, fabric-api-lookup-api-v1, fabric-biome-api-v1, fabric-block-api-v1, fabric-block-view-api-v2, fabric-blockrenderlayer-v1, fabric-client-tags-api-v1, fabric-command-api-v1, fabric-command-api-v2, fabric-commands-v0, fabric-content-registries-v0, fabric-convention-tags-v1, fabric-convention-tags-v2, fabric-crash-report-info-v1, fabric-data-attachment-api-v1, fabric-data-generation-api-v1, fabric-dimensions-v1, fabric-entity-events-v1, fabric-events-interaction-v0, fabric-game-rule-api-v1, fabric-item-api-v1, fabric-item-group-api-v1, fabric-key-binding-api-v1, fabric-keybindings-v0, fabric-language-kotlin, fabric-lifecycle-events-v1, fabric-loot-api-v2, fabric-loot-api-v3, fabric-message-api-v1, fabric-model-loading-api-v1, fabric-networking-api-v1, fabric-object-builder-api-v1, fabric-particles-v1, fabric-recipe-api-v1, fabric-registry-sync-v0, fabric-renderer-api-v1, fabric-renderer-indigo, fabric-rendering-data-attachment-v1, fabric-rendering-fluids-v1, fabric-rendering-v1, fabric-resource-conditions-api-v1, fabric-resource-loader-v0, fabric-screen-api-v1, fabric-screen-handler-api-v1, fabric-sound-api-v1, fabric-tag-api-v1, fabric-transfer-api-v1, fabric-transitive-access-wideners-v1, fabricloader, freecam, fullbrightnesstoggle, immediatelyfast, iris, journeymap, lambdynlights, lambdynlights_api, languagereload, lithium, mixintrace, modmenu, morechathistory, moreculling, placeholder-api, pride, shulkerboxtooltip, sodium, spruceui, xaerominimap, xaeroworldmap, yet_another_config_lib_v3
[00:15:47] [Worker-Main-4/INFO]: Found unifont_all_no_pua-16.0.01.hex, loading
[00:15:47] [Render thread/INFO]: Cached all modded block culling states
[00:15:47] [Render thread/INFO]: Found @JourneyMapPlugin: journeymap.api.plugins.LoadedChunkOverlayPlugin
[00:15:47] [Worker-Main-3/WARN]: Method overwrite conflict for getCullingBox in sodium-common.mixins.json:core.render.world.EntityRendererAccessor from mod sodium, previously written by dev.tr7zw.entityculling.mixin.EntityRendererMixin. Skipping method.
[00:15:47] [Worker-Main-4/INFO]: Found unifont_jp_patch-16.0.01.hex, loading
[00:15:48] [Render thread/INFO]: Loading Xaero's World Map - Stage 2/2
[00:15:48] [Render thread/INFO]: New world map region cache hash code: 72974388
[00:15:48] [Render thread/INFO]: Registered player tracker system: map_synced
[00:15:48] [Render thread/INFO]: Xaero's WorldMap Mod: Xaero's minimap found!
[00:15:48] [Render thread/INFO]: Registered player tracker system: minimap_synced
[00:15:48] [Render thread/INFO]: No Optifine!
[00:15:48] [Render thread/INFO]: Xaero's World Map: No Vivecraft!
[00:15:48] [Render thread/INFO]: Xaero's World Map: Iris found!
[00:15:48] [Render thread/WARN]: Unable to read property: level with value: "0" for blockstate: {Name:"minecraft:water_cauldron",Properties:{level:"0"}}
[00:15:48] [Render thread/INFO]: Loading Xaero's Minimap - Stage 2/2
[00:15:49] [Render thread/INFO]: Registered player tracker system: minimap_synced
[00:15:49] [Render thread/INFO]: Xaero's Minimap: World Map found!
[00:15:49] [Render thread/INFO]: No Optifine!
[00:15:49] [Render thread/INFO]: Xaero's Minimap: No Vivecraft!
[00:15:49] [Render thread/INFO]: Xaero's Minimap: Iris found!
[00:15:49] [Render thread/WARN]: Found unknown and unsupported uniform Sampler2 in minecraft:pipeline/energy_swirl
[00:15:49] [Render thread/WARN]: Found unknown and unsupported uniform Sampler1 in minecraft:pipeline/energy_swirl
[00:15:49] [Render thread/WARN]: Found unknown and unsupported uniform Sampler1 in minecraft:pipeline/armor_cutout_no_cull
[00:15:49] [Render thread/WARN]: Found unknown and unsupported uniform Sampler1 in minecraft:pipeline/armor_translucent
[00:15:49] [Render thread/WARN]: Found unknown and unsupported uniform Sampler1 in minecraft:pipeline/breeze_wind
[00:15:49] [Render thread/WARN]: Found unknown and unsupported uniform Sampler1 in minecraft:pipeline/armor_decal_cutout_no_cull
[00:15:49] [Render thread/WARN]: Found unknown and unsupported uniform Sampler2 in minecraft:pipeline/eyes
[00:15:49] [Render thread/WARN]: Found unknown and unsupported uniform Sampler1 in minecraft:pipeline/eyes
[00:15:49] [Render thread/WARN]: Found unknown and unsupported uniform Sampler1 in minecraft:pipeline/entity_no_outline
[00:15:49] [Render thread/INFO]: OpenAL initialized on device Brayden’s AirPods Pro
[00:15:49] [Render thread/INFO]: Sound engine started
[00:15:49] [Render thread/INFO]: Created: 1024x512x4 minecraft:textures/atlas/blocks.png-atlas
[00:15:49] [Render thread/INFO]: Created: 256x256x4 minecraft:textures/atlas/signs.png-atlas
[00:15:49] [Render thread/INFO]: Created: 512x512x4 minecraft:textures/atlas/shield_patterns.png-atlas
[00:15:49] [Render thread/INFO]: Created: 512x512x4 minecraft:textures/atlas/banner_patterns.png-atlas
[00:15:49] [Render thread/INFO]: Created: 2048x1024x4 minecraft:textures/atlas/armor_trims.png-atlas
[00:15:49] [Render thread/INFO]: Created: 128x64x4 minecraft:textures/atlas/decorated_pot.png-atlas
[00:15:49] [Render thread/INFO]: Created: 256x256x4 minecraft:textures/atlas/chest.png-atlas
[00:15:49] [Render thread/INFO]: Created: 512x256x4 minecraft:textures/atlas/shulker_boxes.png-atlas
[00:15:49] [Render thread/INFO]: Created: 512x256x4 minecraft:textures/atlas/beds.png-atlas
[00:15:49] [Render thread/INFO]: Created: 64x64x0 minecraft:textures/atlas/map_decorations.png-atlas
[00:15:50] [Render thread/INFO]: Created: 512x256x0 minecraft:textures/atlas/particles.png-atlas
[00:15:50] [Render thread/INFO]: Created: 512x256x0 minecraft:textures/atlas/paintings.png-atlas
[00:15:50] [Render thread/INFO]: Created: 256x128x0 minecraft:textures/atlas/mob_effects.png-atlas
[00:15:50] [Render thread/INFO]: Created: 1024x512x0 minecraft:textures/atlas/gui.png-atlas
[00:15:50] [Render thread/INFO]: [ETF]: reloading ETF data.
[00:15:50] [Render thread/INFO]: [ETF]: emissive suffixes loaded: {_e}.
[00:15:50] [Render thread/INFO]: [ETF]: emissive suffixes loaded: {_e}.
[00:15:50] [Render thread/INFO]: Creating pipeline for dimension minecraft:overworld
[00:15:50] [Render thread/ERROR]: Error saving option Brightness: DataResult.Error['Value 15.0 outside of range [0.0:1.0]']
[00:15:53] [CullThread/INFO]: [STDOUT]: Shutting down culling task!
[00:15:53] [Render thread/INFO]: Stopping!
